2021-12-06 12:41:43.934  INFO 75324 --- [main] f.s.f.FormationSpringBootApplication     : Starting FormationSpringBootApplication using Java 15.0.1 on macOlivier with PID 75324 (/Users/olivier/Documents/sopra20210928.nosync/sopra20211108/formationSpringBoot/target/classes started by olivier in /Users/olivier/Documents/sopra20210928.nosync/sopra20211108/formationSpringBoot)
2021-12-06 12:41:44.082  INFO 75324 --- [main] f.s.f.FormationSpringBootApplication     : No active profile set, falling back to default profiles: default
2021-12-06 12:41:47.910  INFO 75324 --- [main] .s.d.r.c.RepositoryConfigurationDelegate : Bootstrapping Spring Data JPA repositories in DEFAULT mode.
2021-12-06 12:41:48.363  INFO 75324 --- [main] .s.d.r.c.RepositoryConfigurationDelegate : Finished Spring Data repository scanning in 386 ms. Found 5 JPA repository interfaces.
2021-12-06 12:41:50.870  INFO 75324 --- [main] o.s.b.w.embedded.tomcat.TomcatWebServer  : Tomcat initialized with port(s): 8080 (http)
2021-12-06 12:41:50.915  INFO 75324 --- [main] o.apache.catalina.core.StandardService   : Starting service [Tomcat]
2021-12-06 12:41:50.916  INFO 75324 --- [main] org.apache.catalina.core.StandardEngine  : Starting Servlet engine: [Apache Tomcat/9.0.55]
2021-12-06 12:41:52.809  INFO 75324 --- [main] org.apache.jasper.servlet.TldScanner     : At least one JAR was scanned for TLDs yet contained no TLDs. Enable debug logging for this logger for a complete list of JARs that were scanned but no TLDs were found in them. Skipping unneeded JARs during scanning can improve startup time and JSP compilation time.
2021-12-06 12:41:52.856  INFO 75324 --- [main] o.a.c.c.C.[Tomcat].[localhost].[/eshop]  : Initializing Spring embedded WebApplicationContext
2021-12-06 12:41:52.857  INFO 75324 --- [main] w.s.c.ServletWebServerApplicationContext : Root WebApplicationContext: initialization completed in 8272 ms
2021-12-06 12:41:53.599  INFO 75324 --- [main] o.hibernate.jpa.internal.util.LogHelper  : HHH000204: Processing PersistenceUnitInfo [name: default]
2021-12-06 12:41:53.809  INFO 75324 --- [main] org.hibernate.Version                    : HHH000412: Hibernate ORM core version 5.6.1.Final
2021-12-06 12:41:54.520  INFO 75324 --- [main] o.hibernate.annotations.common.Version   : HCANN000001: Hibernate Commons Annotations {5.1.2.Final}
2021-12-06 12:41:54.986  INFO 75324 --- [main] com.zaxxer.hikari.HikariDataSource       : HikariPool-1 - Starting...
2021-12-06 12:41:55.487  INFO 75324 --- [main] com.zaxxer.hikari.HikariDataSource       : HikariPool-1 - Start completed.
2021-12-06 12:41:55.527  INFO 75324 --- [main] org.hibernate.dialect.Dialect            : HHH000400: Using dialect: org.hibernate.dialect.PostgreSQL10Dialect
2021-12-06 12:42:00.046  INFO 75324 --- [main] o.h.e.t.j.p.i.JtaPlatformInitiator       : HHH000490: Using JtaPlatform implementation: [org.hibernate.engine.transaction.jta.platform.internal.NoJtaPlatform]
2021-12-06 12:42:00.361  INFO 75324 --- [main] j.LocalContainerEntityManagerFactoryBean : Initialized JPA EntityManagerFactory for persistence unit 'default'
2021-12-06 12:42:00.702  WARN 75324 --- [main] JpaBaseConfiguration$JpaWebConfiguration : spring.jpa.open-in-view is enabled by default. Therefore, database queries may be performed during view rendering. Explicitly configure spring.jpa.open-in-view to disable this warning
2021-12-06 12:42:10.154  INFO 75324 --- [main] o.s.s.web.DefaultSecurityFilterChain     : Will secure Ant [pattern='/images/**'] with []
2021-12-06 12:42:10.156  INFO 75324 --- [main] o.s.s.web.DefaultSecurityFilterChain     : Will secure Ant [pattern='/css/**'] with []
2021-12-06 12:42:10.528  INFO 75324 --- [main] o.s.s.web.DefaultSecurityFilterChain     : Will secure Ant [pattern='/**'] with [org.springframework.security.web.context.request.async.WebAsyncManagerIntegrationFilter@73483d4b, org.springframework.security.web.context.SecurityContextPersistenceFilter@38326fd5, org.springframework.security.web.header.HeaderWriterFilter@2a9f7572, org.springframework.security.web.csrf.CsrfFilter@6afb240d, org.springframework.security.web.authentication.logout.LogoutFilter@2c955487, org.springframework.security.web.savedrequest.RequestCacheAwareFilter@92775a3, org.springframework.security.web.servletapi.SecurityContextHolderAwareRequestFilter@70a91d72, org.springframework.security.web.authentication.AnonymousAuthenticationFilter@8961e55, org.springframework.security.web.session.SessionManagementFilter@53c21c05, org.springframework.security.web.access.ExceptionTranslationFilter@233d2b76, org.springframework.security.web.access.intercept.FilterSecurityInterceptor@2f0e7008]
2021-12-06 12:42:11.139  INFO 75324 --- [main] o.s.b.w.embedded.tomcat.TomcatWebServer  : Tomcat started on port(s): 8080 (http) with context path '/eshop'
2021-12-06 12:42:11.299  INFO 75324 --- [main] f.s.f.FormationSpringBootApplication     : Started FormationSpringBootApplication in 29.322 seconds (JVM running for 35.829)
2021-12-06 12:42:26.127  INFO 75324 --- [http-nio-8080-exec-1] o.a.c.c.C.[Tomcat].[localhost].[/eshop]  : Initializing Spring DispatcherServlet 'dispatcherServlet'
2021-12-06 12:42:26.150  INFO 75324 --- [http-nio-8080-exec-1] o.s.web.servlet.DispatcherServlet        : Initializing Servlet 'dispatcherServlet'
2021-12-06 12:42:26.157  INFO 75324 --- [http-nio-8080-exec-1] o.s.web.servlet.DispatcherServlet        : Completed initialization in 6 ms
